<?xml version="1.0" encoding="UTF-8"?>
<!-- Generated by org.testng.reporters.JUnitReportReporter -->
<testsuite hostname="BLRCND52001551" failures="0" tests="2" name="com.test.GoogleTest" time="34.781" errors="0" timestamp="17 Apr 2020 14:21:08 GMT" skipped="0">
  <testcase classname="com.test.GoogleTest" name="googleTitleTest" time="17.431"/>
  <testcase classname="com.test.GoogleTest" name="googleLogoTest" time="17.350"/>
</testsuite> <!-- com.test.GoogleTest -->
