<?xml version="1.0" encoding="UTF-8"?>
<!-- Generated by org.testng.reporters.JUnitReportReporter -->
<testsuite hostname="BLRCND52001551" failures="0" tests="1" name="com.test.ParameterTest" time="21.476" errors="0" timestamp="17 Apr 2020 14:44:21 GMT" skipped="0">
  <testcase classname="com.test.ParameterTest" name="loginTestString" time="21.476"/>
</testsuite> <!-- com.test.ParameterTest -->
