<?xml version="1.0" encoding="UTF-8"?>
<!-- Generated by org.testng.reporters.JUnitReportReporter -->
<testsuite hostname="BLRCND52001551" failures="0" tests="10" name="com.test.InvocationCountTest" time="0.045" errors="0" timestamp="17 Apr 2020 14:21:08 GMT" skipped="0">
  <testcase classname="com.test.InvocationCountTest" name="sum" time="0.015"/>
  <testcase classname="com.test.InvocationCountTest" name="sum" time="0.005"/>
  <testcase classname="com.test.InvocationCountTest" name="sum" time="0.004"/>
  <testcase classname="com.test.InvocationCountTest" name="sum" time="0.005"/>
  <testcase classname="com.test.InvocationCountTest" name="sum" time="0.005"/>
  <testcase classname="com.test.InvocationCountTest" name="sum" time="0.004"/>
  <testcase classname="com.test.InvocationCountTest" name="sum" time="0.002"/>
  <testcase classname="com.test.InvocationCountTest" name="sum" time="0.001"/>
  <testcase classname="com.test.InvocationCountTest" name="sum" time="0.003"/>
  <testcase classname="com.test.InvocationCountTest" name="sum" time="0.001"/>
</testsuite> <!-- com.test.InvocationCountTest -->
