<?xml version="1.0" encoding="UTF-8"?>
<!-- Generated by org.testng.reporters.JUnitReportReporter -->
<testsuite hostname="BLRCND52001551" failures="0" tests="1" name="com.test.ExceptionTimeoutTest" time="3.011" errors="1" timestamp="17 Apr 2020 14:21:07 GMT" skipped="0">
  <testcase classname="com.test.ExceptionTimeoutTest" name="infiniteloopTest" time="3.011">
    <error message="Method com.test.ExceptionTimeoutTest.infiniteloopTest() didn&#039;t finish within the time-out 3000" type="org.testng.internal.thread.ThreadTimeoutException">
      <![CDATA[org.testng.internal.thread.ThreadTimeoutException: Method com.test.ExceptionTimeoutTest.infiniteloopTest() didn't finish within the time-out 3000
at java.base@14/java.io.Writer.write(Writer.java:249)
at java.base@14/java.io.PrintStream.writeln(PrintStream.java:720)
at java.base@14/java.io.PrintStream.println(PrintStream.java:938)
at app//com.test.ExceptionTimeoutTest.infiniteloopTest(ExceptionTimeoutTest.java:11)
at java.base@14/jdk.internal.reflect.NativeMethodAccessorImpl.invoke0(Native Method)
at java.base@14/jdk.internal.reflect.NativeMethodAccessorImpl.invoke(NativeMethodAccessorImpl.java:62)
at java.base@14/jdk.internal.reflect.DelegatingMethodAccessorImpl.invoke(DelegatingMethodAccessorImpl.java:43)
at java.base@14/java.lang.reflect.Method.invoke(Method.java:564)
at app//org.testng.internal.MethodInvocationHelper.invokeMethod(MethodInvocationHelper.java:124)
at app//org.testng.internal.InvokeMethodRunnable.runOne(InvokeMethodRunnable.java:54)
at app//org.testng.internal.InvokeMethodRunnable.run(InvokeMethodRunnable.java:44)
at java.base@14/java.util.concurrent.Executors$RunnableAdapter.call(Executors.java:515)
at java.base@14/java.util.concurrent.FutureTask.run(FutureTask.java:264)
at java.base@14/java.util.concurrent.ThreadPoolExecutor.runWorker(ThreadPoolExecutor.java:1130)
at java.base@14/java.util.concurrent.ThreadPoolExecutor$Worker.run(ThreadPoolExecutor.java:630)
at java.base@14/java.lang.Thread.run(Thread.java:832)
]]>
    </error>
  </testcase> <!-- infiniteloopTest -->
</testsuite> <!-- com.test.ExceptionTimeoutTest -->
