<?xml version="1.0" encoding="UTF-8"?>
<!-- Generated by org.testng.reporters.JUnitReportReporter -->
<testsuite hostname="BLRCND52001551" failures="0" tests="1" name="com.test.TestNgbasics" time="0.011" errors="0" timestamp="17 Apr 2020 14:21:07 GMT" skipped="0">
  <testcase classname="com.test.TestNgbasics" name="googleTitleTest" time="0.011"/>
</testsuite> <!-- com.test.TestNgbasics -->
